<?xml version="1.0" encoding="UTF-8" ?>
<testsuite failures="0" time="1.073" errors="0" skipped="0" tests="19" name="com.timgroup.statsd.NonBlockingStatsDClientTest">
  <properties>
    <property name="java.runtime.name" value="Java(TM) SE Runtime Environment"/>
    <property name="sun.boot.library.path" value="/Library/Java/JavaVirtualMachines/jdk1.7.0_75.jdk/Contents/Home/jre/lib"/>
    <property name="java.vm.version" value="24.75-b04"/>
    <property name="gopherProxySet" value="false"/>
    <property name="java.vm.vendor" value="Oracle Corporation"/>
    <property name="maven.multiModuleProjectDirectory" value="/Users/addihorowitz/adience/adrankclient/extern/java-statsd-client"/>
    <property name="java.vendor.url" value="http://java.oracle.com/"/>
    <property name="path.separator" value=":"/>
    <property name="guice.disable.misplaced.annotation.check" value="true"/>
    <property name="java.vm.name" value="Java HotSpot(TM) 64-Bit Server VM"/>
    <property name="file.encoding.pkg" value="sun.io"/>
    <property name="user.country" value="US"/>
    <property name="sun.java.launcher" value="SUN_STANDARD"/>
    <property name="sun.os.patch.level" value="unknown"/>
    <property name="java.vm.specification.name" value="Java Virtual Machine Specification"/>
    <property name="user.dir" value="/Users/addihorowitz/adience/adrankclient/extern/java-statsd-client"/>
    <property name="java.runtime.version" value="1.7.0_75-b13"/>
    <property name="java.awt.graphicsenv" value="sun.awt.CGraphicsEnvironment"/>
    <property name="java.endorsed.dirs" value="/Library/Java/JavaVirtualMachines/jdk1.7.0_75.jdk/Contents/Home/jre/lib/endorsed"/>
    <property name="os.arch" value="x86_64"/>
    <property name="java.io.tmpdir" value="/var/folders/52/dbk4tp2n4mz4nngz6cky_7mw0000gn/T/"/>
    <property name="line.separator" value="
"/>
    <property name="java.vm.specification.vendor" value="Oracle Corporation"/>
    <property name="os.name" value="Mac OS X"/>
    <property name="classworlds.conf" value="/usr/local/Cellar/maven/3.3.9/libexec/bin/m2.conf"/>
    <property name="sun.jnu.encoding" value="UTF-8"/>
    <property name="java.library.path" value="/Users/addihorowitz/Library/Java/Extensions:/Library/Java/Extensions:/Network/Library/Java/Extensions:/System/Library/Java/Extensions:/usr/lib/java:."/>
    <property name="java.specification.name" value="Java Platform API Specification"/>
    <property name="java.class.version" value="51.0"/>
    <property name="sun.management.compiler" value="HotSpot 64-Bit Tiered Compilers"/>
    <property name="os.version" value="10.10.5"/>
    <property name="http.nonProxyHosts" value="local|*.local|169.254/16|*.169.254/16"/>
    <property name="user.home" value="/Users/addihorowitz"/>
    <property name="user.timezone" value="Asia/Jerusalem"/>
    <property name="java.awt.printerjob" value="sun.lwawt.macosx.CPrinterJob"/>
    <property name="java.specification.version" value="1.7"/>
    <property name="file.encoding" value="UTF-8"/>
    <property name="user.name" value="addihorowitz"/>
    <property name="java.class.path" value="/usr/local/Cellar/maven/3.3.9/libexec/boot/plexus-classworlds-2.5.2.jar"/>
    <property name="java.vm.specification.version" value="1.7"/>
    <property name="sun.arch.data.model" value="64"/>
    <property name="java.home" value="/Library/Java/JavaVirtualMachines/jdk1.7.0_75.jdk/Contents/Home/jre"/>
    <property name="sun.java.command" value="org.codehaus.plexus.classworlds.launcher.Launcher package"/>
    <property name="java.specification.vendor" value="Oracle Corporation"/>
    <property name="user.language" value="en"/>
    <property name="awt.toolkit" value="sun.lwawt.macosx.LWCToolkit"/>
    <property name="java.vm.info" value="mixed mode"/>
    <property name="java.version" value="1.7.0_75"/>
    <property name="java.ext.dirs" value="/Users/addihorowitz/Library/Java/Extensions:/Library/Java/JavaVirtualMachines/jdk1.7.0_75.jdk/Contents/Home/jre/lib/ext:/Library/Java/Extensions:/Network/Library/Java/Extensions:/System/Library/Java/Extensions:/usr/lib/java"/>
    <property name="sun.boot.class.path" value="/Library/Java/JavaVirtualMachines/jdk1.7.0_75.jdk/Contents/Home/jre/lib/resources.jar:/Library/Java/JavaVirtualMachines/jdk1.7.0_75.jdk/Contents/Home/jre/lib/rt.jar:/Library/Java/JavaVirtualMachines/jdk1.7.0_75.jdk/Contents/Home/jre/lib/sunrsasign.jar:/Library/Java/JavaVirtualMachines/jdk1.7.0_75.jdk/Contents/Home/jre/lib/jsse.jar:/Library/Java/JavaVirtualMachines/jdk1.7.0_75.jdk/Contents/Home/jre/lib/jce.jar:/Library/Java/JavaVirtualMachines/jdk1.7.0_75.jdk/Contents/Home/jre/lib/charsets.jar:/Library/Java/JavaVirtualMachines/jdk1.7.0_75.jdk/Contents/Home/jre/lib/jfr.jar:/Library/Java/JavaVirtualMachines/jdk1.7.0_75.jdk/Contents/Home/jre/classes"/>
    <property name="java.vendor" value="Oracle Corporation"/>
    <property name="maven.home" value="/usr/local/Cellar/maven/3.3.9/libexec"/>
    <property name="file.separator" value="/"/>
    <property name="java.vendor.url.bug" value="http://bugreport.sun.com/bugreport/"/>
    <property name="sun.cpu.endian" value="little"/>
    <property name="sun.io.unicode.encoding" value="UnicodeBig"/>
    <property name="socksNonProxyHosts" value="local|*.local|169.254/16|*.169.254/16"/>
    <property name="ftp.nonProxyHosts" value="local|*.local|169.254/16|*.169.254/16"/>
    <property name="sun.cpu.isalist" value=""/>
  </properties>
  <testcase time="0.074" classname="com.timgroup.statsd.NonBlockingStatsDClientTest" name="sends_counter_increment_to_statsd"/>
  <testcase time="0.063" classname="com.timgroup.statsd.NonBlockingStatsDClientTest" name="sends_timer_with_rate_to_statsd"/>
  <testcase time="0.054" classname="com.timgroup.statsd.NonBlockingStatsDClientTest" name="sends_counter_value_to_statsd"/>
  <testcase time="0.053" classname="com.timgroup.statsd.NonBlockingStatsDClientTest" name="sends_counter_decrement_to_statsd"/>
  <testcase time="0.056" classname="com.timgroup.statsd.NonBlockingStatsDClientTest" name="sends_gauge_zero_delta_to_statsd"/>
  <testcase time="0.055" classname="com.timgroup.statsd.NonBlockingStatsDClientTest" name="sends_timer_to_statsd"/>
  <testcase time="0.056" classname="com.timgroup.statsd.NonBlockingStatsDClientTest" name="sends_timer_to_statsd_based_on_specified_start_time_to_now"/>
  <testcase time="0.055" classname="com.timgroup.statsd.NonBlockingStatsDClientTest" name="sends_set_to_statsd"/>
  <testcase time="0.056" classname="com.timgroup.statsd.NonBlockingStatsDClientTest" name="sends_gauge_negative_delta_to_statsd"/>
  <testcase time="0.054" classname="com.timgroup.statsd.NonBlockingStatsDClientTest" name="sends_negagive_gauge_to_statsd_by_resetting_to_zero_first"/>
  <testcase time="0.053" classname="com.timgroup.statsd.NonBlockingStatsDClientTest" name="sends_zero_gauge_to_statsd"/>
  <testcase time="0.056" classname="com.timgroup.statsd.NonBlockingStatsDClientTest" name="allows_null_prefix"/>
  <testcase time="0.053" classname="com.timgroup.statsd.NonBlockingStatsDClientTest" name="sends_gauge_to_statsd"/>
  <testcase time="0.06" classname="com.timgroup.statsd.NonBlockingStatsDClientTest" name="sends_timer_of_zero_to_statsd_based_on_specified_start_time_in_the_future"/>
  <testcase time="0.053" classname="com.timgroup.statsd.NonBlockingStatsDClientTest" name="sends_fractional_gauge_to_statsd"/>
  <testcase time="0.057" classname="com.timgroup.statsd.NonBlockingStatsDClientTest" name="sends_large_fractional_gauge_to_statsd"/>
  <testcase time="0.054" classname="com.timgroup.statsd.NonBlockingStatsDClientTest" name="sends_counter_value_with_rate_to_statsd"/>
  <testcase time="0.056" classname="com.timgroup.statsd.NonBlockingStatsDClientTest" name="allows_empty_prefix"/>
  <testcase time="0.055" classname="com.timgroup.statsd.NonBlockingStatsDClientTest" name="sends_gauge_positive_delta_to_statsd"/>
</testsuite>